  locking.cpp
c:\program files (x86)\microsoft visual studio\2017\community\vc\tools\msvc\14.16.27023\include\xmemory0(881): error C2280: 'std::thread::thread(const std::thread &)': attempting to reference a deleted function
  c:\program files (x86)\microsoft visual studio\2017\community\vc\tools\msvc\14.16.27023\include\thread(70): note: see declaration of 'std::thread::thread'
  c:\program files (x86)\microsoft visual studio\2017\community\vc\tools\msvc\14.16.27023\include\thread(70): note: 'std::thread::thread(const std::thread &)': function was explicitly deleted
  c:\program files (x86)\microsoft visual studio\2017\community\vc\tools\msvc\14.16.27023\include\vector(902): note: see reference to function template instantiation 'void std::_Default_allocator_traits<_Alloc>::construct<_Ty,const _Ty&>(_Alloc &,_Objty *const ,const _Ty &)' being compiled
          with
          [
              _Alloc=std::allocator<std::thread>,
              _Ty=std::thread,
              _Objty=std::thread
          ]
  c:\program files (x86)\microsoft visual studio\2017\community\vc\tools\msvc\14.16.27023\include\vector(902): note: see reference to function template instantiation 'void std::_Default_allocator_traits<_Alloc>::construct<_Ty,const _Ty&>(_Alloc &,_Objty *const ,const _Ty &)' being compiled
          with
          [
              _Alloc=std::allocator<std::thread>,
              _Ty=std::thread,
              _Objty=std::thread
          ]
  c:\program files (x86)\microsoft visual studio\2017\community\vc\tools\msvc\14.16.27023\include\vector(919): note: see reference to function template instantiation 'void std::vector<std::thread,std::allocator<_Ty>>::_Emplace_back_with_unused_capacity<const _Ty&>(const _Ty &)' being compiled
          with
          [
              _Ty=std::thread
          ]
  c:\program files (x86)\microsoft visual studio\2017\community\vc\tools\msvc\14.16.27023\include\vector(932): note: see reference to function template instantiation 'void std::vector<std::thread,std::allocator<_Ty>>::emplace_back<const _Ty&>(const _Ty &)' being compiled
          with
          [
              _Ty=std::thread
          ]
  c:\program files (x86)\microsoft visual studio\2017\community\vc\tools\msvc\14.16.27023\include\vector(931): note: while compiling class template member function 'void std::vector<std::thread,std::allocator<_Ty>>::push_back(const _Ty &)'
          with
          [
              _Ty=std::thread
          ]
  c:\users\pyrah\desktop\locking\locking\locking.cpp(36): note: see reference to function template instantiation 'void std::vector<std::thread,std::allocator<_Ty>>::push_back(const _Ty &)' being compiled
          with
          [
              _Ty=std::thread
          ]
  c:\users\pyrah\desktop\locking\locking\locking.cpp(31): note: see reference to class template instantiation 'std::vector<std::thread,std::allocator<_Ty>>' being compiled
          with
          [
              _Ty=std::thread
          ]
